0 info it worked if it ends with ok
1 verbose cli [ '/home/ubuntu/.nvm/versions/node/v4.7.3/bin/node',
1 verbose cli   '/home/ubuntu/.nvm/versions/node/v4.7.3/bin/npm',
1 verbose cli   'install',
1 verbose cli   '-g',
1 verbose cli   'heroku-cli',
1 verbose cli   '6.10.2' ]
2 info using npm@2.15.11
3 info using node@v4.7.3
4 verbose install initial load of /home/ubuntu/.nvm/versions/node/v4.7.3/lib/package.json
5 verbose readDependencies loading dependencies from /home/ubuntu/.nvm/versions/node/v4.7.3/lib/package.json
6 silly cache add args [ 'heroku-cli', null ]
7 verbose cache add spec heroku-cli
8 silly cache add args [ '6.10.2', null ]
9 verbose cache add spec 6.10.2
10 silly cache add parsed spec Result {
10 silly cache add   raw: 'heroku-cli',
10 silly cache add   scope: null,
10 silly cache add   name: 'heroku-cli',
10 silly cache add   rawSpec: '',
10 silly cache add   spec: 'latest',
10 silly cache add   type: 'tag' }
11 silly addNamed heroku-cli@latest
12 verbose addNamed "latest" is being treated as a dist-tag for heroku-cli
13 info addNameTag [ 'heroku-cli', 'latest' ]
14 silly mapToRegistry name heroku-cli
15 silly mapToRegistry using default registry
16 silly mapToRegistry registry https://registry.npmjs.org/
17 silly mapToRegistry data Result {
17 silly mapToRegistry   raw: 'heroku-cli',
17 silly mapToRegistry   scope: null,
17 silly mapToRegistry   name: 'heroku-cli',
17 silly mapToRegistry   rawSpec: '',
17 silly mapToRegistry   spec: 'latest',
17 silly mapToRegistry   type: 'tag' }
18 silly mapToRegistry uri https://registry.npmjs.org/heroku-cli
19 verbose addNameTag registry:https://registry.npmjs.org/heroku-cli not in flight; fetching
20 silly cache add parsed spec Result {
20 silly cache add   raw: '6.10.2',
20 silly cache add   scope: null,
20 silly cache add   name: '6.10.2',
20 silly cache add   rawSpec: '',
20 silly cache add   spec: 'latest',
20 silly cache add   type: 'tag' }
21 silly addNamed 6.10.2@latest
22 verbose addNamed "latest" is being treated as a dist-tag for 6.10.2
23 info addNameTag [ '6.10.2', 'latest' ]
24 silly mapToRegistry name 6.10.2
25 silly mapToRegistry using default registry
26 silly mapToRegistry registry https://registry.npmjs.org/
27 silly mapToRegistry data Result {
27 silly mapToRegistry   raw: '6.10.2',
27 silly mapToRegistry   scope: null,
27 silly mapToRegistry   name: '6.10.2',
27 silly mapToRegistry   rawSpec: '',
27 silly mapToRegistry   spec: 'latest',
27 silly mapToRegistry   type: 'tag' }
28 silly mapToRegistry uri https://registry.npmjs.org/6.10.2
29 verbose addNameTag registry:https://registry.npmjs.org/6.10.2 not in flight; fetching
30 verbose request uri https://registry.npmjs.org/6.10.2
31 verbose request no auth needed
32 info attempt registry request try #1 at 11:36:54 PM
33 verbose request id 9fec0d09dc9f83e2
34 http request GET https://registry.npmjs.org/6.10.2
35 verbose request uri https://registry.npmjs.org/heroku-cli
36 verbose request no auth needed
37 info attempt registry request try #1 at 11:36:54 PM
38 verbose etag W/"5968f8df-325b9"
39 verbose lastModified Fri, 14 Jul 2017 17:01:19 GMT
40 http request GET https://registry.npmjs.org/heroku-cli
41 http 304 https://registry.npmjs.org/heroku-cli
42 verbose headers { date: 'Sun, 16 Jul 2017 23:36:54 GMT',
42 verbose headers   via: '1.1 varnish',
42 verbose headers   'cache-control': 'max-age=300',
42 verbose headers   etag: 'W/"5968f8df-325b9"',
42 verbose headers   age: '33',
42 verbose headers   connection: 'keep-alive',
42 verbose headers   'x-served-by': 'cache-ord1726-ORD',
42 verbose headers   'x-cache': 'HIT',
42 verbose headers   'x-cache-hits': '1',
42 verbose headers   'x-timer': 'S1500248215.935618,VS0,VE1',
42 verbose headers   vary: 'Accept-Encoding, Accept' }
43 silly get cb [ 304,
43 silly get   { date: 'Sun, 16 Jul 2017 23:36:54 GMT',
43 silly get     via: '1.1 varnish',
43 silly get     'cache-control': 'max-age=300',
43 silly get     etag: 'W/"5968f8df-325b9"',
43 silly get     age: '33',
43 silly get     connection: 'keep-alive',
43 silly get     'x-served-by': 'cache-ord1726-ORD',
43 silly get     'x-cache': 'HIT',
43 silly get     'x-cache-hits': '1',
43 silly get     'x-timer': 'S1500248215.935618,VS0,VE1',
43 silly get     vary: 'Accept-Encoding, Accept' } ]
44 verbose etag https://registry.npmjs.org/heroku-cli from cache
45 verbose get saving heroku-cli to /home/ubuntu/.npm/registry.npmjs.org/heroku-cli/.cache.json
46 verbose correctMkdir /home/ubuntu/.npm correctMkdir not in flight; initializing
47 silly addNameTag next cb for heroku-cli with tag latest
48 http 404 https://registry.npmjs.org/6.10.2
49 verbose headers { 'content-type': 'application/json',
49 verbose headers   'cache-control': 'max-age=0',
49 verbose headers   'content-length': '2',
49 verbose headers   'accept-ranges': 'bytes',
49 verbose headers   date: 'Sun, 16 Jul 2017 23:36:55 GMT',
49 verbose headers   via: '1.1 varnish',
49 verbose headers   age: '0',
49 verbose headers   connection: 'keep-alive',
49 verbose headers   'x-served-by': 'cache-ord1735-ORD',
49 verbose headers   'x-cache': 'MISS',
49 verbose headers   'x-cache-hits': '0',
49 verbose headers   'x-timer': 'S1500248215.928049,VS0,VE159',
49 verbose headers   vary: 'Accept-Encoding' }
50 silly get cb [ 404,
50 silly get   { 'content-type': 'application/json',
50 silly get     'cache-control': 'max-age=0',
50 silly get     'content-length': '2',
50 silly get     'accept-ranges': 'bytes',
50 silly get     date: 'Sun, 16 Jul 2017 23:36:55 GMT',
50 silly get     via: '1.1 varnish',
50 silly get     age: '0',
50 silly get     connection: 'keep-alive',
50 silly get     'x-served-by': 'cache-ord1735-ORD',
50 silly get     'x-cache': 'MISS',
50 silly get     'x-cache-hits': '0',
50 silly get     'x-timer': 'S1500248215.928049,VS0,VE159',
50 silly get     vary: 'Accept-Encoding' } ]
51 verbose stack Error: No compatible version found: heroku-cli@'latest'
51 verbose stack Valid install targets:
51 verbose stack ["6.0.0","6.0.1","6.0.2","6.0.7","6.1.4","6.1.5","6.1.6","6.1.7","6.2.0","6.2.1","6.3.0","6.3.1","6.4.0","6.4.1","6.5.0","6.5.1","6.5.2","6.5.3","6.5.4","6.5.5","6.6.0","6.6.2","6.6.5","6.6.7","6.6.8","6.6.9","6.6.10","6.6.11","6.6.12","6.6.13","6.6.14","6.6.15","6.6.16","6.6.17","6.6.18","6.6.19","6.7.0","6.7.1","6.7.2","6.7.3","6.7.4","6.8.0","6.8.1","6.8.2","6.8.3","6.8.4","6.8.5","6.9.0","6.9.1","6.9.2","6.9.3","6.9.4","6.9.5","6.9.6","6.9.7","6.10.0","6.10.1","6.10.2"]
51 verbose stack
51 verbose stack     at installTargetsError (/home/ubuntu/.nvm/versions/node/v4.7.3/lib/node_modules/npm/lib/cache/add-named.js:284:12)
51 verbose stack     at next (/home/ubuntu/.nvm/versions/node/v4.7.3/lib/node_modules/npm/lib/cache/add-named.js:94:10)
51 verbose stack     at RES (/home/ubuntu/.nvm/versions/node/v4.7.3/lib/node_modules/npm/node_modules/inflight/inflight.js:23:14)
51 verbose stack     at f (/home/ubuntu/.nvm/versions/node/v4.7.3/lib/node_modules/npm/node_modules/once/once.js:25:25)
51 verbose stack     at fixName (/home/ubuntu/.nvm/versions/node/v4.7.3/lib/node_modules/npm/lib/cache/add-named.js:29:5)
51 verbose stack     at saved (/home/ubuntu/.nvm/versions/node/v4.7.3/lib/node_modules/npm/lib/cache/caching-client.js:173:7)
51 verbose stack     at /home/ubuntu/.nvm/versions/node/v4.7.3/lib/node_modules/npm/node_modules/graceful-fs/polyfills.js:233:18
51 verbose stack     at FSReqWrap.oncomplete (fs.js:82:15)
52 verbose cwd /home/ubuntu/workspace
53 error Linux 4.9.17-c9
54 error argv "/home/ubuntu/.nvm/versions/node/v4.7.3/bin/node" "/home/ubuntu/.nvm/versions/node/v4.7.3/bin/npm" "install" "-g" "heroku-cli" "6.10.2"
55 error node v4.7.3
56 error npm  v2.15.11
57 error code ETARGET
58 error notarget No compatible version found: heroku-cli@'latest'
58 error notarget Valid install targets:
58 error notarget ["6.0.0","6.0.1","6.0.2","6.0.7","6.1.4","6.1.5","6.1.6","6.1.7","6.2.0","6.2.1","6.3.0","6.3.1","6.4.0","6.4.1","6.5.0","6.5.1","6.5.2","6.5.3","6.5.4","6.5.5","6.6.0","6.6.2","6.6.5","6.6.7","6.6.8","6.6.9","6.6.10","6.6.11","6.6.12","6.6.13","6.6.14","6.6.15","6.6.16","6.6.17","6.6.18","6.6.19","6.7.0","6.7.1","6.7.2","6.7.3","6.7.4","6.8.0","6.8.1","6.8.2","6.8.3","6.8.4","6.8.5","6.9.0","6.9.1","6.9.2","6.9.3","6.9.4","6.9.5","6.9.6","6.9.7","6.10.0","6.10.1","6.10.2"]
58 error notarget
58 error notarget This is most likely not a problem with npm itself.
58 error notarget In most cases you or one of your dependencies are requesting
58 error notarget a package version that doesn't exist.
59 verbose exit [ 1, true ]
